
*** Running xst
    with args -ifn "kadai5.xst" -ofn "kadai5.srp" -intstyle ise

Reading design: kadai5.prj

=========================================================================
*                          HDL Parsing                                  *
=========================================================================
Parsing VHDL file "C:/VHDL/kadai5/kadai5.srcs/sources_1/imports/new/kadai3.vhd" into library work
Parsing entity <kadai3>.
Parsing architecture <Behavioral> of entity <kadai3>.
Parsing VHDL file "C:/VHDL/kadai5/kadai5.srcs/sources_1/new/kadai5.vhd" into library work
Parsing entity <kadai5>.
Parsing architecture <Behavioral> of entity <kadai5>.

=========================================================================
*                            HDL Elaboration                            *
=========================================================================

Elaborating entity <kadai5> (architecture <Behavioral>) from library <work>.

Elaborating entity <kadai3> (architecture <Behavioral>) from library <work>.
WARNING:HDLCompiler:871 - "C:/VHDL/kadai5/kadai5.srcs/sources_1/imports/new/kadai3.vhd" Line 46: Using initial value "0001" for count_a since it is never assigned
ERROR:HDLCompiler:890 - "C:/VHDL/kadai5/kadai5.srcs/sources_1/new/kadai5.vhd" Line 55: wait statement without UNTIL clause not supported for synthesis
Netlist kadai5(Behavioral) remains a blackbox, due to errors in its contents
--> 

Total memory usage is 259996 kilobytes

Number of errors   :    1 (   0 filtered)
Number of warnings :    1 (   0 filtered)
Number of infos    :    0 (   0 filtered)

