
*** Running ngdbuild
    with args -intstyle ise -p xc6slx16csg324-3 -dd _ngo -uc "kadai4.ucf" "kadai4.edf"


Command Line: C:\Xilinx\14.7\ISE_DS\ISE\bin\nt64\unwrapped\ngdbuild.exe
-intstyle ise -p xc6slx16csg324-3 -dd _ngo -uc kadai4.ucf kadai4.edf

Executing edif2ngd -quiet "kadai4.edf" "_ngo\kadai4.ngo"
Release 14.7 - edif2ngd P.20131013 (nt64)
Copyright (c) 1995-2013 Xilinx, Inc.  All rights reserved.
Reading NGO file "C:/VHDL/kadai4/kadai4.runs/impl_1/_ngo/kadai4.ngo" ...
Gathering constraint information from source properties...
Done.

Annotating constraints to design from ucf file "kadai4.ucf" ...
Resolving constraint associations...
Checking Constraint Associations...
Done...

Checking expanded design ...

Partition Implementation Status
-------------------------------

  No Partitions were found in this design.

-------------------------------

NGDBUILD Design Results Summary:
  Number of errors:     0
  Number of warnings:   0

Writing NGD file "kadai4.ngd" ...
Total REAL time to NGDBUILD completion:  5 sec
Total CPU time to NGDBUILD completion:   2 sec

Writing NGDBUILD log file "kadai4.bld"...

NGDBUILD done.

*** Running map
    with args -intstyle pa -w "kadai4.ngd"

Using target part "6slx16csg324-3".
Mapping design into LUTs...
Running directed packing...
Running delay-based LUT packing...
Updating timing models...
INFO:Map:215 - The Interim Design Summary has been generated in the MAP Report
   (.mrp).
Running timing-driven placement...
Total REAL time at the beginning of Placer: 3 secs 
Total CPU  time at the beginning of Placer: 3 secs 

Phase 1.1  Initial Placement Analysis
Phase 1.1  Initial Placement Analysis (Checksum:cc5c2f2b) REAL time: 4 secs 

Phase 2.7  Design Feasibility Check
Phase 2.7  Design Feasibility Check (Checksum:cc5c2f2b) REAL time: 4 secs 

Phase 3.31  Local Placement Optimization
Phase 3.31  Local Placement Optimization (Checksum:cc5c2f2b) REAL time: 4 secs 

Phase 4.2  Initial Placement for Architecture Specific Features

Phase 4.2  Initial Placement for Architecture Specific Features
(Checksum:d71b9a1f) REAL time: 4 secs 

Phase 5.36  Local Placement Optimization
Phase 5.36  Local Placement Optimization (Checksum:d71b9a1f) REAL time: 4 secs 

Phase 6.30  Global Clock Region Assignment
Phase 6.30  Global Clock Region Assignment (Checksum:d71b9a1f) REAL time: 4 secs 

Phase 7.3  Local Placement Optimization
Phase 7.3  Local Placement Optimization (Checksum:d71b9a1f) REAL time: 4 secs 

Phase 8.5  Local Placement Optimization
Phase 8.5  Local Placement Optimization (Checksum:d71b9a1f) REAL time: 4 secs 

Phase 9.8  Global Placement
............
....................
Phase 9.8  Global Placement (Checksum:1a77790c) REAL time: 4 secs 

Phase 10.5  Local Placement Optimization
Phase 10.5  Local Placement Optimization (Checksum:1a77790c) REAL time: 4 secs 

Phase 11.18  Placement Optimization
Phase 11.18  Placement Optimization (Checksum:98c137ec) REAL time: 4 secs 

Phase 12.5  Local Placement Optimization
Phase 12.5  Local Placement Optimization (Checksum:98c137ec) REAL time: 4 secs 

Phase 13.34  Placement Validation
Phase 13.34  Placement Validation (Checksum:98c137ec) REAL time: 4 secs 

Total REAL time to Placer completion: 4 secs 
Total CPU  time to Placer completion: 3 secs 
Running post-placement packing...
Writing output files...

Design Summary:
Number of errors:      0
Number of warnings:    0
Slice Logic Utilization:
  Number of Slice Registers:                    33 out of  18,224    1%
    Number used as Flip Flops:                  33
    Number used as Latches:                      0
    Number used as Latch-thrus:                  0
    Number used as AND/OR logics:                0
  Number of Slice LUTs:                         89 out of   9,112    1%
    Number used as logic:                       87 out of   9,112    1%
      Number using O6 output only:              36
      Number using O5 output only:              46
      Number using O5 and O6:                    5
      Number used as ROM:                        0
    Number used as Memory:                       0 out of   2,176    0%
    Number used exclusively as route-thrus:      2
      Number with same-slice register load:      0
      Number with same-slice carry load:         2
      Number with other load:                    0

Slice Logic Distribution:
  Number of occupied Slices:                    29 out of   2,278    1%
  Number of MUXCYs used:                        56 out of   4,556    1%
  Number of LUT Flip Flop pairs used:           89
    Number with an unused Flip Flop:            58 out of      89   65%
    Number with an unused LUT:                   0 out of      89    0%
    Number of fully used LUT-FF pairs:          31 out of      89   34%
    Number of unique control sets:               2
    Number of slice register sites lost
      to control set restrictions:               7 out of  18,224    1%

  A LUT Flip Flop pair for this architecture represents one LUT paired with
  one Flip Flop within a slice.  A control set is a unique combination of
  clock, reset, set, and enable signals for a registered element.
  The Slice Logic Distribution report is not meaningful if the design is
  over-mapped for a non-slice resource or if Placement fails.

IO Utilization:
  Number of bonded IOBs:                        13 out of     232    5%
    Number of LOCed IOBs:                       13 out of      13  100%

Specific Feature Utilization:
  Number of RAMB16BWERs:                         0 out of      32    0%
  Number of RAMB8BWERs:                          0 out of      64    0%
  Number of BUFIO2/BUFIO2_2CLKs:                 0 out of      32    0%
  Number of BUFIO2FB/BUFIO2FB_2CLKs:             0 out of      32    0%
  Number of BUFG/BUFGMUXs:                       1 out of      16    6%
    Number used as BUFGs:                        1
    Number used as BUFGMUX:                      0
  Number of DCM/DCM_CLKGENs:                     0 out of       4    0%
  Number of ILOGIC2/ISERDES2s:                   0 out of     248    0%
  Number of IODELAY2/IODRP2/IODRP2_MCBs:         0 out of     248    0%
  Number of OLOGIC2/OSERDES2s:                   0 out of     248    0%
  Number of BSCANs:                              0 out of       4    0%
  Number of BUFHs:                               0 out of     128    0%
  Number of BUFPLLs:                             0 out of       8    0%
  Number of BUFPLL_MCBs:                         0 out of       4    0%
  Number of DSP48A1s:                            0 out of      32    0%
  Number of ICAPs:                               0 out of       1    0%
  Number of MCBs:                                0 out of       2    0%
  Number of PCILOGICSEs:                         0 out of       2    0%
  Number of PLL_ADVs:                            0 out of       2    0%
  Number of PMVs:                                0 out of       1    0%
  Number of STARTUPs:                            0 out of       1    0%
  Number of SUSPEND_SYNCs:                       0 out of       1    0%

Average Fanout of Non-Clock Nets:                1.64

Peak Memory Usage:  386 MB
Total REAL time to MAP completion:  5 secs 
Total CPU time to MAP completion:   4 secs 

Mapping completed.
See MAP report file "kadai4.mrp" for details.

*** Running par
    with args -intstyle pa "kadai4.ncd" -w "kadai4_routed.ncd"




Constraints file: kadai4.pcf.
Loading device for application Rf_Device from file '6slx16.nph' in environment C:\Xilinx\14.7\ISE_DS\ISE\.
   "kadai4" is an NCD, version 3.2, device xc6slx16, package csg324, speed -3

Initializing temperature to 85.000 Celsius. (default - Range: 0.000 to 85.000 Celsius)
Initializing voltage to 1.140 Volts. (default - Range: 1.140 to 1.260 Volts)

INFO:Par:282 - No user timing constraints were detected or you have set the option to ignore timing constraints ("par
   -x"). Place and Route will run in "Performance Evaluation Mode" to automatically improve the performance of all
   internal clocks in this design. Because there are not defined timing requirements, a timing score will not be
   reported in the PAR report in this mode. The PAR timing summary will list the performance achieved for each clock.
   Note: For the fastest runtime, set the effort level to "std".  For best performance, set the effort level to "high".

Device speed data version:  "PRODUCTION 1.23 2013-10-13".



Device Utilization Summary:

Slice Logic Utilization:
  Number of Slice Registers:                    33 out of  18,224    1%
    Number used as Flip Flops:                  33
    Number used as Latches:                      0
    Number used as Latch-thrus:                  0
    Number used as AND/OR logics:                0
  Number of Slice LUTs:                         89 out of   9,112    1%
    Number used as logic:                       87 out of   9,112    1%
      Number using O6 output only:              36
      Number using O5 output only:              46
      Number using O5 and O6:                    5
      Number used as ROM:                        0
    Number used as Memory:                       0 out of   2,176    0%
    Number used exclusively as route-thrus:      2
      Number with same-slice register load:      0
      Number with same-slice carry load:         2
      Number with other load:                    0

Slice Logic Distribution:
  Number of occupied Slices:                    29 out of   2,278    1%
  Number of MUXCYs used:                        56 out of   4,556    1%
  Number of LUT Flip Flop pairs used:           89
    Number with an unused Flip Flop:            58 out of      89   65%
    Number with an unused LUT:                   0 out of      89    0%
    Number of fully used LUT-FF pairs:          31 out of      89   34%
    Number of slice register sites lost
      to control set restrictions:               0 out of  18,224    0%

  A LUT Flip Flop pair for this architecture represents one LUT paired with
  one Flip Flop within a slice.  A control set is a unique combination of
  clock, reset, set, and enable signals for a registered element.
  The Slice Logic Distribution report is not meaningful if the design is
  over-mapped for a non-slice resource or if Placement fails.

IO Utilization:
  Number of bonded IOBs:                        13 out of     232    5%
    Number of LOCed IOBs:                       13 out of      13  100%

Specific Feature Utilization:
  Number of RAMB16BWERs:                         0 out of      32    0%
  Number of RAMB8BWERs:                          0 out of      64    0%
  Number of BUFIO2/BUFIO2_2CLKs:                 0 out of      32    0%
  Number of BUFIO2FB/BUFIO2FB_2CLKs:             0 out of      32    0%
  Number of BUFG/BUFGMUXs:                       1 out of      16    6%
    Number used as BUFGs:                        1
    Number used as BUFGMUX:                      0
  Number of DCM/DCM_CLKGENs:                     0 out of       4    0%
  Number of ILOGIC2/ISERDES2s:                   0 out of     248    0%
  Number of IODELAY2/IODRP2/IODRP2_MCBs:         0 out of     248    0%
  Number of OLOGIC2/OSERDES2s:                   0 out of     248    0%
  Number of BSCANs:                              0 out of       4    0%
  Number of BUFHs:                               0 out of     128    0%
  Number of BUFPLLs:                             0 out of       8    0%
  Number of BUFPLL_MCBs:                         0 out of       4    0%
  Number of DSP48A1s:                            0 out of      32    0%
  Number of ICAPs:                               0 out of       1    0%
  Number of MCBs:                                0 out of       2    0%
  Number of PCILOGICSEs:                         0 out of       2    0%
  Number of PLL_ADVs:                            0 out of       2    0%
  Number of PMVs:                                0 out of       1    0%
  Number of STARTUPs:                            0 out of       1    0%
  Number of SUSPEND_SYNCs:                       0 out of       1    0%


Overall effort level (-ol):   Standard 
Router effort level (-rl):    High 

Starting initial Timing Analysis.  REAL time: 2 secs 
Finished initial Timing Analysis.  REAL time: 2 secs 

Starting Router


Phase  1  : 235 unrouted;      REAL time: 2 secs 

Phase  2  : 175 unrouted;      REAL time: 2 secs 

Phase  3  : 12 unrouted;      REAL time: 3 secs 

Phase  4  : 12 unrouted; (Par is working to improve performance)     REAL time: 3 secs 

Updating file: kadai4_routed.ncd with current fully routed design.

Phase  5  : 0 unrouted; (Par is working to improve performance)     REAL time: 3 secs 

Phase  6  : 0 unrouted; (Par is working to improve performance)     REAL time: 3 secs 

Phase  7  : 0 unrouted; (Par is working to improve performance)     REAL time: 3 secs 

Phase  8  : 0 unrouted; (Par is working to improve performance)     REAL time: 3 secs 

Phase  9  : 0 unrouted; (Par is working to improve performance)     REAL time: 3 secs 

Phase 10  : 0 unrouted; (Par is working to improve performance)     REAL time: 3 secs 
Total REAL time to Router completion: 3 secs 
Total CPU time to Router completion: 3 secs 

Partition Implementation Status
-------------------------------

  No Partitions were found in this design.

-------------------------------

Generating "PAR" statistics.
INFO:Par:459 - The Clock Report is not displayed in the non timing-driven mode.
Timing Score: 0 (Setup: 0, Hold: 0)

Asterisk (*) preceding a constraint indicates it was not met.
   This may be due to a setup or hold violation.

----------------------------------------------------------------------------------------------------------
  Constraint                                |    Check    | Worst Case |  Best Case | Timing |   Timing   
                                            |             |    Slack   | Achievable | Errors |    Score   
----------------------------------------------------------------------------------------------------------
  Autotimespec constraint for clock net CLK | SETUP       |         N/A|     1.502ns|     N/A|           0
  1ms_l                                     | HOLD        |     0.419ns|            |       0|           0
----------------------------------------------------------------------------------------------------------
  Autotimespec constraint for clock net CLK | SETUP       |         N/A|     6.110ns|     N/A|           0
  _SRC_BUFGP                                | HOLD        |     0.486ns|            |       0|           0
----------------------------------------------------------------------------------------------------------


All constraints were met.
INFO:Timing:2761 - N/A entries in the Constraints List may indicate that the 
   constraint is not analyzed due to the following: No paths covered by this 
   constraint; Other constraints intersect with this constraint; or This 
   constraint was disabled by a Path Tracing Control. Please run the Timespec 
   Interaction Report (TSI) via command line (trce tsi) or Timing Analyzer GUI.


Generating Pad Report.

All signals are completely routed.

Total REAL time to PAR completion: 3 secs 
Total CPU time to PAR completion: 3 secs 

Peak Memory Usage:  343 MB

Placer: Placement generated during map.
Routing: Completed - No errors found.

Number of error messages: 0
Number of warning messages: 0
Number of info messages: 2

Writing design to file kadai4_routed.ncd



PAR done!

*** Running trce
    with args -intstyle ise -o "kadai4.twr" -v 30 -l 30 "kadai4_routed.ncd" "kadai4.pcf"

Loading device for application Rf_Device from file '6slx16.nph' in environment
C:\Xilinx\14.7\ISE_DS\ISE\.
   "kadai4" is an NCD, version 3.2, device xc6slx16, package csg324, speed -3

Analysis completed SUN 28 OCT 17:21:33 2018
--------------------------------------------------------------------------------

Generating Report ...

Number of warnings: 0
Total time: 2 secs 

*** Running xdl
    with args -secure -ncd2xdl -nopips "kadai4_routed.ncd" "kadai4_routed.xdl"

Release 14.7 - xdl P.20131013 (nt64)
Copyright (c) 1995-2013 Xilinx, Inc.  All rights reserved.

WARNING:XDL:213 - The resulting xdl output will not have LUT equation strings or RAM INIT strings.
Loading device for application Rf_Device from file '6slx16.nph' in environment C:\Xilinx\14.7\ISE_DS\ISE\.
   "kadai4" is an NCD, version 3.2, device xc6slx16, package csg324, speed -3
Successfully converted design 'kadai4_routed.ncd' to 'kadai4_routed.xdl'.

*** Running bitgen
    with args "kadai4_routed.ncd" "kadai4.bit" "kadai4.pcf" -w -intstyle pa

