
*** Running xst
    with args -ifn "kadai7.xst" -ofn "kadai7.srp" -intstyle ise

Reading design: kadai7.prj

=========================================================================
*                          HDL Parsing                                  *
=========================================================================
Parsing VHDL file "C:/VHDL/kadai7/kadai7.srcs/sources_1/imports/sources_1/imports/new/kadai3.vhd" into library work
Parsing entity <kadai3>.
Parsing architecture <Behavioral> of entity <kadai3>.
Parsing VHDL file "C:/VHDL/kadai7/kadai7.srcs/sources_1/imports/sources_1/imports/new/kadai2.vhd" into library work
Parsing entity <kadai2>.
Parsing architecture <Behavioral> of entity <kadai2>.
Parsing VHDL file "C:/VHDL/kadai7/kadai7.srcs/sources_1/imports/new/kadai4.vhd" into library work
Parsing entity <kadai4>.
Parsing architecture <Behavioral> of entity <kadai4>.
Parsing VHDL file "C:/VHDL/kadai7/kadai7.srcs/sources_1/new/kadai7.vhd" into library work
Parsing entity <kadai7>.
Parsing architecture <Behavioral> of entity <kadai7>.

=========================================================================
*                            HDL Elaboration                            *
=========================================================================

Elaborating entity <kadai7> (architecture <Behavioral>) from library <work>.

Elaborating entity <kadai4> (architecture <Behavioral>) from library <work>.

Elaborating entity <kadai3> (architecture <Behavioral>) from library <work>.
WARNING:HDLCompiler:871 - "C:/VHDL/kadai7/kadai7.srcs/sources_1/imports/sources_1/imports/new/kadai3.vhd" Line 46: Using initial value "001" for count_a since it is never assigned

Elaborating entity <kadai2> (architecture <Behavioral>) from library <work>.
INFO:HDLCompiler:679 - "C:/VHDL/kadai7/kadai7.srcs/sources_1/imports/sources_1/imports/new/kadai2.vhd" Line 62. Case statement is complete. others clause is never selected
WARNING:HDLCompiler:871 - "C:/VHDL/kadai7/kadai7.srcs/sources_1/imports/new/kadai4.vhd" Line 62: Using initial value "01" for count_a since it is never assigned
INFO:HDLCompiler:679 - "C:/VHDL/kadai7/kadai7.srcs/sources_1/imports/new/kadai4.vhd" Line 75. Case statement is complete. others clause is never selected

=========================================================================
*                           HDL Synthesis                               *
=========================================================================

Synthesizing Unit <kadai7>.
    Related source file is "C:/VHDL/kadai7/kadai7.srcs/sources_1/new/kadai7.vhd".
WARNING:Xst:647 - Input <SW> is never used. This port will be preserved and left unconnected if it belongs to a top-level block or it belongs to a sub-block and the hierarchy of this sub-block is preserved.
WARNING:Xst:647 - Input <BTN> is never used. This port will be preserved and left unconnected if it belongs to a top-level block or it belongs to a sub-block and the hierarchy of this sub-block is preserved.
WARNING:Xst:2935 - Signal 'LD', unconnected in block 'kadai7', is tied to its initial value (11111111).
    Summary:
	no macro.
Unit <kadai7> synthesized.

Synthesizing Unit <kadai4>.
    Related source file is "C:/VHDL/kadai7/kadai7.srcs/sources_1/imports/new/kadai4.vhd".
    Found 4-bit register for signal <SEG_SEL>.
    Found 4-bit register for signal <SEG_l>.
    Found 2-bit register for signal <COUNT>.
    Found 2-bit adder for signal <COUNT[1]_GND_5_o_add_0_OUT> created at line 65.
    Found 4x8-bit Read Only RAM for signal <_n0023>
    Summary:
	inferred   1 RAM(s).
	inferred   1 Adder/Subtractor(s).
	inferred  10 D-type flip-flop(s).
Unit <kadai4> synthesized.

Synthesizing Unit <kadai3>.
    Related source file is "C:/VHDL/kadai7/kadai7.srcs/sources_1/imports/sources_1/imports/new/kadai3.vhd".
    Found 1-bit register for signal <CLK_OUT_kadai3>.
    Found 1-bit register for signal <STATE>.
    Found 3-bit register for signal <COUNT>.
    Found 3-bit adder for signal <COUNT[2]_GND_6_o_add_0_OUT> created at line 49.
    Summary:
	inferred   1 Adder/Subtractor(s).
	inferred   5 D-type flip-flop(s).
Unit <kadai3> synthesized.

Synthesizing Unit <kadai2>.
    Related source file is "C:/VHDL/kadai7/kadai7.srcs/sources_1/imports/sources_1/imports/new/kadai2.vhd".
    Found 16x8-bit Read Only RAM for signal <SEG_DATA_kadai2>
    Summary:
	inferred   1 RAM(s).
Unit <kadai2> synthesized.

=========================================================================
HDL Synthesis Report

Macro Statistics
# RAMs                                                 : 2
 16x8-bit single-port Read Only RAM                    : 1
 4x8-bit single-port Read Only RAM                     : 1
# Adders/Subtractors                                   : 2
 2-bit adder                                           : 1
 3-bit adder                                           : 1
# Registers                                            : 5
 1-bit register                                        : 2
 2-bit register                                        : 1
 3-bit register                                        : 1
 8-bit register                                        : 1

=========================================================================

=========================================================================
*                       Advanced HDL Synthesis                          *
=========================================================================


Synthesizing (advanced) Unit <kadai2>.
INFO:Xst:3231 - The small RAM <Mram_SEG_DATA_kadai2> will be implemented on LUTs in order to maximize performance and save block RAM resources. If you want to force its implementation on block, use option/constraint ram_style.
    -----------------------------------------------------------------------
    | ram_type           | Distributed                         |          |
    -----------------------------------------------------------------------
    | Port A                                                              |
    |     aspect ratio   | 16-word x 8-bit                     |          |
    |     weA            | connected to signal <GND>           | high     |
    |     addrA          | connected to signal <SW_kadai2>     |          |
    |     diA            | connected to signal <GND>           |          |
    |     doA            | connected to signal <SEG_DATA_kadai2> |          |
    -----------------------------------------------------------------------
Unit <kadai2> synthesized (advanced).

Synthesizing (advanced) Unit <kadai3>.
The following registers are absorbed into counter <COUNT>: 1 register on signal <COUNT>.
Unit <kadai3> synthesized (advanced).

Synthesizing (advanced) Unit <kadai4>.
The following registers are absorbed into counter <COUNT>: 1 register on signal <COUNT>.
INFO:Xst:3231 - The small RAM <Mram__n0023> will be implemented on LUTs in order to maximize performance and save block RAM resources. If you want to force its implementation on block, use option/constraint ram_style.
    -----------------------------------------------------------------------
    | ram_type           | Distributed                         |          |
    -----------------------------------------------------------------------
    | Port A                                                              |
    |     aspect ratio   | 4-word x 8-bit                      |          |
    |     weA            | connected to signal <GND>           | high     |
    |     addrA          | connected to signal <COUNT[1]_GND_5_o_add_0_OUT> |          |
    |     diA            | connected to signal <GND>           |          |
    |     doA            | connected to internal node          |          |
    -----------------------------------------------------------------------
Unit <kadai4> synthesized (advanced).

=========================================================================
Advanced HDL Synthesis Report

Macro Statistics
# RAMs                                                 : 2
 16x8-bit single-port distributed Read Only RAM        : 1
 4x8-bit single-port distributed Read Only RAM         : 1
# Adders/Subtractors                                   : 2
 2-bit adder                                           : 1
 3-bit adder                                           : 1
# Counters                                             : 2
 2-bit up counter                                      : 1
 3-bit up counter                                      : 1
# Registers                                            : 10
 Flip-Flops                                            : 10

=========================================================================

=========================================================================
*                         Low Level Synthesis                           *
=========================================================================
WARNING:Xst:1293 - FF/Latch <SEG_SEL_2> has a constant value of 0 in block <kadai4>. This FF/Latch will be trimmed during the optimization process.
WARNING:Xst:1293 - FF/Latch <SEG_SEL_3> has a constant value of 0 in block <kadai4>. This FF/Latch will be trimmed during the optimization process.

Optimizing unit <kadai7> ...

Optimizing unit <kadai4> ...

Mapping all equations...
Building and optimizing final netlist ...
Found area constraint ratio of 100 (+ 0) on block kadai7, actual ratio is 0.

Final Macro Processing ...

=========================================================================
Final Register Report

Macro Statistics
# Registers                                            : 13
 Flip-Flops                                            : 13

=========================================================================

=========================================================================
*                           Partition Report                            *
=========================================================================

Partition Implementation Status
-------------------------------

  No Partitions were found in this design.

-------------------------------

=========================================================================
*                            Design Summary                             *
=========================================================================

Clock Information:
------------------
-----------------------------------+------------------------+-------+
Clock Signal                       | Clock buffer(FF name)  | Load  |
-----------------------------------+------------------------+-------+
U1/U1/CLK_OUT_kadai3               | NONE(U1/SEG_SEL_1)     | 8     |
CLK_SRC                            | BUFGP                  | 5     |
-----------------------------------+------------------------+-------+
INFO:Xst:2169 - HDL ADVISOR - Some clock signals were not automatically buffered by XST with BUFG/BUFR resources. Please use the buffer_type constraint in order to insert these buffers to the clock signals to help prevent skew problems.

Asynchronous Control Signals Information:
----------------------------------------
No asynchronous control signals found in this design

Timing Summary:
---------------
Speed Grade: -3

   Minimum period: 2.135ns (Maximum Frequency: 468.296MHz)
   Minimum input arrival time before clock: No path found
   Maximum output required time after clock: 4.625ns
   Maximum combinational path delay: No path found

=========================================================================
