
*** Running xst
    with args -ifn "test01.xst" -ofn "test01.srp" -intstyle ise

Reading design: test01.prj

=========================================================================
*                          HDL Parsing                                  *
=========================================================================
Parsing VHDL file "C:/VHDL/project_1/project_1.srcs/sources_1/new/test01.vhd" into library work
Parsing entity <test01>.
Parsing architecture <Behavioral> of entity <test01>.

=========================================================================
*                            HDL Elaboration                            *
=========================================================================

Elaborating entity <test01> (architecture <Behavioral>) from library <work>.

=========================================================================
*                           HDL Synthesis                               *
=========================================================================

Synthesizing Unit <test01>.
    Related source file is "C:/VHDL/project_1/project_1.srcs/sources_1/new/test01.vhd".
    Summary:
	no macro.
Unit <test01> synthesized.

=========================================================================
HDL Synthesis Report

Found no macro
=========================================================================

=========================================================================
*                       Advanced HDL Synthesis                          *
=========================================================================


=========================================================================
Advanced HDL Synthesis Report

Found no macro
=========================================================================

=========================================================================
*                         Low Level Synthesis                           *
=========================================================================

Optimizing unit <test01> ...

Mapping all equations...
Building and optimizing final netlist ...
Found area constraint ratio of 100 (+ 0) on block test01, actual ratio is 0.

Final Macro Processing ...

=========================================================================
Final Register Report

Found no macro
=========================================================================

=========================================================================
*                           Partition Report                            *
=========================================================================

Partition Implementation Status
-------------------------------

  No Partitions were found in this design.

-------------------------------

=========================================================================
*                            Design Summary                             *
=========================================================================

Clock Information:
------------------
No clock signals found in this design

Asynchronous Control Signals Information:
----------------------------------------
No asynchronous control signals found in this design

Timing Summary:
---------------
Speed Grade: -3

   Minimum period: No path found
   Minimum input arrival time before clock: No path found
   Maximum output required time after clock: No path found
   Maximum combinational path delay: 5.259ns

=========================================================================
