
*** Running xst
    with args -ifn "kadai3.xst" -ofn "kadai3.srp" -intstyle ise

Reading design: kadai3.prj

=========================================================================
*                          HDL Parsing                                  *
=========================================================================
Parsing VHDL file "C:/VHDL/project_3/project_3.srcs/sources_1/imports/new/kadai3.vhd" into library work
Parsing entity <kadai3>.
Parsing architecture <Behavioral> of entity <kadai3>.

=========================================================================
*                            HDL Elaboration                            *
=========================================================================

Elaborating entity <kadai3> (architecture <Behavioral>) from library <work>.
WARNING:HDLCompiler:871 - "C:/VHDL/project_3/project_3.srcs/sources_1/imports/new/kadai3.vhd" Line 46: Using initial value "0000000000000000000000001" for count_a since it is never assigned

=========================================================================
*                           HDL Synthesis                               *
=========================================================================

Synthesizing Unit <kadai3>.
    Related source file is "C:/VHDL/project_3/project_3.srcs/sources_1/imports/new/kadai3.vhd".
    Found 1-bit register for signal <LD0>.
    Found 1-bit register for signal <STATE>.
    Found 25-bit register for signal <COUNT>.
    Found 25-bit adder for signal <COUNT[24]_GND_4_o_add_0_OUT> created at line 49.
    Summary:
	inferred   1 Adder/Subtractor(s).
	inferred  27 D-type flip-flop(s).
Unit <kadai3> synthesized.

=========================================================================
HDL Synthesis Report

Macro Statistics
# Adders/Subtractors                                   : 1
 25-bit adder                                          : 1
# Registers                                            : 3
 1-bit register                                        : 2
 25-bit register                                       : 1

=========================================================================

=========================================================================
*                       Advanced HDL Synthesis                          *
=========================================================================


Synthesizing (advanced) Unit <kadai3>.
The following registers are absorbed into counter <COUNT>: 1 register on signal <COUNT>.
Unit <kadai3> synthesized (advanced).

=========================================================================
Advanced HDL Synthesis Report

Macro Statistics
# Adders/Subtractors                                   : 1
 25-bit adder                                          : 1
# Counters                                             : 1
 25-bit up counter                                     : 1
# Registers                                            : 2
 Flip-Flops                                            : 2

=========================================================================

=========================================================================
*                         Low Level Synthesis                           *
=========================================================================

Optimizing unit <kadai3> ...
WARNING:Xst:1293 - FF/Latch <COUNT_24> has a constant value of 0 in block <kadai3>. This FF/Latch will be trimmed during the optimization process.

Mapping all equations...
Building and optimizing final netlist ...
Found area constraint ratio of 100 (+ 0) on block kadai3, actual ratio is 0.

Final Macro Processing ...

=========================================================================
Final Register Report

Macro Statistics
# Registers                                            : 26
 Flip-Flops                                            : 26

=========================================================================

=========================================================================
*                           Partition Report                            *
=========================================================================

Partition Implementation Status
-------------------------------

  No Partitions were found in this design.

-------------------------------

=========================================================================
*                            Design Summary                             *
=========================================================================

Clock Information:
------------------
-----------------------------------+------------------------+-------+
Clock Signal                       | Clock buffer(FF name)  | Load  |
-----------------------------------+------------------------+-------+
CLK_SRC                            | BUFGP                  | 26    |
-----------------------------------+------------------------+-------+

Asynchronous Control Signals Information:
----------------------------------------
No asynchronous control signals found in this design

Timing Summary:
---------------
Speed Grade: -3

   Minimum period: 5.215ns (Maximum Frequency: 191.738MHz)
   Minimum input arrival time before clock: No path found
   Maximum output required time after clock: 3.634ns
   Maximum combinational path delay: No path found

=========================================================================
