Running: C:\Xilinx\14.7\ISE_DS\ISE\bin\nt64\unwrapped\fuse.exe -intstyle pa -incremental -L work -L secureip -o kadai56.exe --prj C:/VHDL/project_3/project_3.sim/sim_1/impl/timing/kadai56.prj -top work.kadai56 
ISim P.20131013 (signature 0x7708f090)
Number of CPUs detected in this system: 8
Turning on mult-threading, number of parallel sub-compilation jobs: 16 
Determining compilation order of HDL files
Analyzing Verilog file "C:/Xilinx/14.7/ISE_DS/PlanAhead/data/verilog/src/glbl.v" into library work
Parsing VHDL file "C:/VHDL/project_3/project_3.sim/sim_1/impl/timing/kadai56_time_impl.vhd" into library work
Parsing VHDL file "C:/VHDL/project_3/project_3.srcs/sim_1/new/kadai56.vhd" into library work
Starting static elaboration
Completed static elaboration
Compiling package standard
Compiling package std_logic_1164
Compiling package textio
Compiling package vital_timing
Compiling package vcomponents
Compiling package vital_primitives
Compiling package vpackage
Compiling architecture x_obuf_v of entity X_OBUF [\X_OBUF(true,true,"DONT_CARE",12...]
Compiling architecture x_buf_v of entity X_BUF [\X_BUF(true,true,"UNPLACED",(0,0...]
Compiling architecture x_ckbuf_v of entity X_CKBUF [\X_CKBUF(true,true,"UNPLACED",(0...]
Compiling architecture x_ff_v of entity X_FF [\X_FF(true,true,true,"UNPLACED",...]
Compiling architecture x_lut6_v of entity X_LUT6 [\X_LUT6(true,true,"UNPLACED",(0,...]
Compiling architecture x_one_v of entity X_ONE [\X_ONE("UNPLACED")(1,8)\]
Compiling architecture x_zero_v of entity X_ZERO [\X_ZERO("UNPLACED")(1,8)\]
Compiling architecture x_roc_v of entity X_ROC [\X_ROC("UNPLACED",100000,"*")(1,...]
Compiling architecture x_toc_v of entity X_TOC [\X_TOC("UNPLACED",0,"*")(1,8,1,1...]
Compiling architecture structure of entity kadai3 [kadai3_default]
Compiling architecture behavioral of entity kadai56
Time Resolution for simulation is 1ps.
Waiting for 2 sub-compilation(s) to finish...
Compiled 40 VHDL Units
Built simulation executable kadai56.exe
Fuse Memory Usage: 82152 KB
Fuse CPU Usage: 1170 ms
